d:\tetris\tetris\debug\vc140.pdb
d:\tetris\tetris\debug\vc140.idb
d:\tetris\tetris\debug\gamedata.obj
d:\tetris\tetris\debug\gamemanager.obj
d:\tetris\tetris\debug\gameobject.obj
d:\tetris\tetris\debug\gameplay.obj
d:\tetris\tetris\debug\resourcemanager.obj
d:\tetris\tetris\debug\shader.obj
d:\tetris\tetris\debug\shadermanager.obj
d:\tetris\tetris\debug\spriterender.obj
d:\tetris\tetris\debug\stdafx.obj
d:\tetris\tetris\debug\tetris.obj
d:\tetris\tetris\debug\uimenumanager.obj
d:\tetris\debug\tetris.pdb
d:\tetris\tetris\debug\tetris.tlog\cl.command.1.tlog
d:\tetris\tetris\debug\tetris.tlog\cl.read.1.tlog
d:\tetris\tetris\debug\tetris.tlog\cl.write.1.tlog
d:\tetris\tetris\debug\tetris.tlog\link-cvtres.read.1.tlog
d:\tetris\tetris\debug\tetris.tlog\link-cvtres.write.1.tlog
d:\tetris\tetris\debug\tetris.tlog\link-rc.read.1.tlog
d:\tetris\tetris\debug\tetris.tlog\link-rc.write.1.tlog
d:\tetris\tetris\debug\tetris.tlog\link.command.1.tlog
d:\tetris\tetris\debug\tetris.tlog\link.read.1.tlog
d:\tetris\tetris\debug\tetris.tlog\link.write.1.tlog
